<?xml version="1.0" encoding="UTF-8"?>
<!-- Generated by org.testng.reporters.JUnitXMLReporter -->
<testsuite ignored="0" hostname="DESKTOP-PGDN5HE" failures="0" tests="6" name="Default test" time="1.984" errors="0" timestamp="05 Jul 2022 16:41:01 GMT">
  <testcase classname="com.amazon.retail.myproj.restassured.LoginAPI" name="LoginWithEmptyPassword" time="1.697"/>
  <testcase classname="com.amazon.retail.myproj.restassured.LoginAPI" name="LoginWithEmptyUserName" time="0.121"/>
  <testcase classname="com.amazon.retail.myproj.restassured.LoginAPI" name="LoginWithInvalidUserName" time="0.038"/>
  <testcase classname="com.amazon.retail.myproj.restassured.LoginAPI" name="LoginWithNullPassword" time="0.026"/>
  <testcase classname="com.amazon.retail.myproj.restassured.LoginAPI" name="LoginWithNullUserName" time="0.026"/>
  <testcase classname="com.amazon.retail.myproj.restassured.LoginAPI" name="LoginwithValidCredentials" time="0.048"/>
</testsuite> <!-- Default test -->
