<?xml version="1.0" encoding="UTF-8"?>
<testng-results ignored="0" total="6" passed="6" failed="0" skipped="0">
  <reporter-output>
  </reporter-output>
  <suite started-at="2022-07-05T16:40:59Z" name="Default suite" finished-at="2022-07-05T16:41:01Z" duration-ms="1984">
    <groups>
    </groups>
    <test started-at="2022-07-05T16:40:59Z" name="Default test" finished-at="2022-07-05T16:41:01Z" duration-ms="1984">
      <class name="com.amazon.retail.myproj.restassured.LoginAPI">
        <test-method signature="LoginWithEmptyPassword()[pri:0, instance:com.amazon.retail.myproj.restassured.LoginAPI@571c5681]" started-at="2022-07-05T16:40:59Z" name="LoginWithEmptyPassword" finished-at="2022-07-05T16:41:01Z" duration-ms="1697" status="PASS">
          <reporter-output>
          </reporter-output>
        </test-method> <!-- LoginWithEmptyPassword -->
        <test-method signature="LoginWithEmptyUserName()[pri:0, instance:com.amazon.retail.myproj.restassured.LoginAPI@571c5681]" started-at="2022-07-05T16:41:01Z" name="LoginWithEmptyUserName" finished-at="2022-07-05T16:41:01Z" duration-ms="121" status="PASS">
          <reporter-output>
          </reporter-output>
        </test-method> <!-- LoginWithEmptyUserName -->
        <test-method signature="LoginWithInvalidUserName()[pri:0, instance:com.amazon.retail.myproj.restassured.LoginAPI@571c5681]" started-at="2022-07-05T16:41:01Z" name="LoginWithInvalidUserName" finished-at="2022-07-05T16:41:01Z" duration-ms="38" status="PASS">
          <reporter-output>
          </reporter-output>
        </test-method> <!-- LoginWithInvalidUserName -->
        <test-method signature="LoginWithNullPassword()[pri:0, instance:com.amazon.retail.myproj.restassured.LoginAPI@571c5681]" started-at="2022-07-05T16:41:01Z" name="LoginWithNullPassword" finished-at="2022-07-05T16:41:01Z" duration-ms="26" status="PASS">
          <reporter-output>
          </reporter-output>
        </test-method> <!-- LoginWithNullPassword -->
        <test-method signature="LoginWithNullUserName()[pri:0, instance:com.amazon.retail.myproj.restassured.LoginAPI@571c5681]" started-at="2022-07-05T16:41:01Z" name="LoginWithNullUserName" finished-at="2022-07-05T16:41:01Z" duration-ms="26" status="PASS">
          <reporter-output>
          </reporter-output>
        </test-method> <!-- LoginWithNullUserName -->
        <test-method signature="LoginwithValidCredentials()[pri:0, instance:com.amazon.retail.myproj.restassured.LoginAPI@571c5681]" started-at="2022-07-05T16:41:01Z" name="LoginwithValidCredentials" finished-at="2022-07-05T16:41:01Z" duration-ms="48" status="PASS">
          <reporter-output>
          </reporter-output>
        </test-method> <!-- LoginwithValidCredentials -->
      </class> <!-- com.amazon.retail.myproj.restassured.LoginAPI -->
    </test> <!-- Default test -->
  </suite> <!-- Default suite -->
</testng-results>
